
********************************************************************************************************
# File  : esesc_bigOne.xUfzrs  : Fri Dec  2 19:35:34 2022
********************************************************************************************************
Sampler 0 (Procs  0)
         Rabbit	Warmup	Detail	Timing 	Total  KIPS 
  KIPS   30411	  N/A	532857	  860	27863
  Time    20.7%	  0.0%	  3.9%	 75.4%		: Sim Time (s) 255.909 Exe  43.425 ms Sim (1700MHz)
  Inst   22.6%	  0.0%	 75.1%	  2.3%	        : Approx Total Time 1867.835 ms Sim (1700MHz)
********************************************************************************************************
Proc : Delay : Avg.Time :  BPType           :  Total  :        RAS        :       BPred       :        BTB        :  iBTB    :  BTAC   : WasteRatio  : MPKI 
   0 :     3 :      NaN :  2bit             : 100.00% :   0.00% of  0.00% : 100.00% of 100.00% : 100.00% of 100.00% :   0.00% :   0.00% :    NaN%          0.00
   0 :     4 :      NaN :  2level           : 100.00% :   0.00% of  0.00% : 100.00% of 100.00% :   0.00% of  0.00% : 100.00% : (  0.00% fixed) :          0.00
-----------------------------------------------------------------------------------------------------------------------------------------
Proc :  nCommit   :   nInst   :  AALU   :  BALU   :  CALU   :  LALU   :  SALU   :  LD Fwd :    Replay    : Worst Unit  (clk)
   0 :  92993311  :  92993407 :  55.00% :   5.00% :   5.00% :  25.00% :  10.00% : 80.00%  :      N/A     :   0.00 
-----------------------------------------------------------------------------------------------------------------------------------------
Proc  IPC     uIPC    Active        Cycles    Busy   LDQ   STQ  IWin   ROB  Regs    IO  maxBr  MisBr Br4Clk brDelay 
   0   1.26   1.26   1.00         73822750    31.5  38.6   0.0   0.0   0.0   0.0   0.0   0.0   0.0    0.0    3.1 
********************************************************************************************************
Cache           Occ  AvgMemLat MemAccesses    MissRate      (  RD ,    WR,    BUS) 
IL1(0)          0.0  2.0       41847021     0.0%    0.0%    (100.0%,  0.0%,  0.0%)   60.2    0.0 GB/s 
--------------------------------------------------------------------------------------------------
DL1(0)          0.0  14.5      32547690     3.6%   14.3%    ( 94.1%,100.0%,  0.0%)   46.8    0.0 GB/s 
--------------------------------------------------------------------------------------------------
L2(0)           0.0  81.5      1162485    100.0%  100.0%    (  0.0%,  0.0%,  0.0%)    1.7    0.0 GB/s 
Memory(0)       0.0  60.0      1162486      0.0%    0.0%    (100.0%,100.0%,  0.0%)    1.7    0.0 GB/s 
********************************************************************************************************

