
********************************************************************************************************
# File  : esesc_boom2_nTotalRegs160Rob160.zNCmdX : Thu Dec  1 10:36:55 2022
********************************************************************************************************
Sampler 0 (Procs  0)
         Rabbit	Warmup	Detail	Timing 	Total  KIPS 
  KIPS   30275	  N/A	656790	  903	29104
  Time    21.7%	  0.0%	  3.3%	 74.9%		: Sim Time (s) 271.609 Exe  46.502 ms Sim (1700MHz)
  Inst   22.6%	  0.0%	 75.1%	  2.3%	        : Approx Total Time 1999.963 ms Sim (1700MHz)
********************************************************************************************************
Proc : Delay : Avg.Time :  BPType           :  Total  :        RAS        :       BPred       :        BTB        :  iBTB    :  BTAC   : WasteRatio  : MPKI 
   0 :     3 :      NaN :  2bit             : 100.00% :   0.00% of  0.00% : 100.00% of 100.00% : 100.00% of 100.00% :   0.00% :   0.00% :    NaN%          0.00
   0 :     4 :      NaN :  2level           : 100.00% :   0.00% of  0.00% : 100.00% of 100.00% :   0.00% of  0.00% : 100.00% : (  0.00% fixed) :          0.00
-----------------------------------------------------------------------------------------------------------------------------------------
Proc :  nCommit   :   nInst   :  AALU   :  BALU   :  CALU   :  LALU   :  SALU   :  LD Fwd :    Replay    : Worst Unit  (clk)
   0 :  92993311  :  92993398 :  55.00% :   5.00% :   5.00% :  25.00% :  10.00% : 80.00%  :      N/A     :   0.00 
-----------------------------------------------------------------------------------------------------------------------------------------
Proc  IPC     uIPC    Active        Cycles    Busy   LDQ   STQ  IWin   ROB  Regs    IO  maxBr  MisBr Br4Clk brDelay 
   0   1.18   1.18   1.00         79053830    58.8  24.3   0.0   0.0   0.0   0.0   0.0   0.0   0.0    0.0    5.9 
********************************************************************************************************
Cache           Occ  AvgMemLat MemAccesses    MissRate      (  RD ,    WR,    BUS) 
IL1(0)          0.0  2.0       55796033     0.0%    0.0%    (100.0%,  0.0%,  0.0%)   75.0    0.0 GB/s 
--------------------------------------------------------------------------------------------------
DL1(0)          0.0  14.3      32547658     3.6%   14.3%    ( 94.1%,100.0%,  0.0%)   43.7    0.0 GB/s 
--------------------------------------------------------------------------------------------------
L2(0)           0.0  81.5      1162484    100.0%  100.0%    (  0.0%,  0.0%,  0.0%)    1.6    0.0 GB/s 
Memory(0)       0.0  60.0      1162485      0.0%    0.0%    (100.0%,100.0%,  0.0%)    1.6    0.0 GB/s 
********************************************************************************************************

params:
{'tradCORE_nTotalRegs': '160', 'tradCORE_robSize': '160'}