
********************************************************************************************************
# File  : esesc_boom2_nTotalRegs80.XIXUfp : Thu Dec  1 08:39:41 2022
********************************************************************************************************
Sampler 0 (Procs  0)
         Rabbit	Warmup	Detail	Timing 	Total  KIPS 
  KIPS   33861	  N/A	698783	  920	30273
  Time    20.2%	  0.0%	  3.3%	 76.5%		: Sim Time (s) 247.559 Exe  67.695 ms Sim (1700MHz)
  Inst   22.6%	  0.0%	 75.1%	  2.3%	        : Approx Total Time 2911.537 ms Sim (1700MHz)
********************************************************************************************************
Proc : Delay : Avg.Time :  BPType           :  Total  :        RAS        :       BPred       :        BTB        :  iBTB    :  BTAC   : WasteRatio  : MPKI 
   0 :     3 :      NaN :  2bit             : 100.00% :   0.00% of  0.00% : 100.00% of 100.00% : 100.00% of 100.00% :   0.00% :   0.00% :    NaN%          0.00
   0 :     4 :      NaN :  2level           : 100.00% :   0.00% of  0.00% : 100.00% of 100.00% :   0.00% of  0.00% : 100.00% : (  0.00% fixed) :          0.00
-----------------------------------------------------------------------------------------------------------------------------------------
Proc :  nCommit   :   nInst   :  AALU   :  BALU   :  CALU   :  LALU   :  SALU   :  LD Fwd :    Replay    : Worst Unit  (clk)
   0 :  92993310  :  92993376 :  55.00% :   5.00% :   5.00% :  25.00% :  10.00% : 80.00%  :      N/A     :   0.00 
-----------------------------------------------------------------------------------------------------------------------------------------
Proc  IPC     uIPC    Active        Cycles    Busy   LDQ   STQ  IWin   ROB  Regs    IO  maxBr  MisBr Br4Clk brDelay 
   0   0.81   0.81   1.00         115081360   40.4   0.0   0.0   0.0  48.5   0.0   0.0   0.0   0.0    0.0    4.0 
********************************************************************************************************
Cache           Occ  AvgMemLat MemAccesses    MissRate      (  RD ,    WR,    BUS) 
IL1(0)          0.0  2.0       55796050     0.0%    0.0%    (100.0%,  0.0%,  0.0%)   51.5    0.0 GB/s 
--------------------------------------------------------------------------------------------------
DL1(0)          0.0  15.2      32547684     3.6%   14.3%    ( 94.1%,100.0%,  0.0%)   30.0    0.0 GB/s 
--------------------------------------------------------------------------------------------------
L2(0)           0.0  84.0      1162485    100.0%  100.0%    (  0.0%,  0.0%,  0.0%)    1.1    0.0 GB/s 
Memory(0)       0.0  60.0      1162486      0.0%    0.0%    (100.0%,100.0%,  0.0%)    1.1    0.0 GB/s 
********************************************************************************************************

params:
{'tradCORE_nTotalRegs': '80'}