
********************************************************************************************************
# File  : esesc_boom2_issueWidthWider80Regs120Rob.VC9jxT : Thu Dec  1 09:54:48 2022
********************************************************************************************************
Sampler 0 (Procs  0)
         Rabbit	Warmup	Detail	Timing 	Total  KIPS 
  KIPS   31059	  N/A	741546	  848	28014
  Time    20.4%	  0.0%	  2.8%	 76.8%		: Sim Time (s) 261.159 Exe  43.711 ms Sim (1700MHz)
  Inst   22.6%	  0.0%	 75.1%	  2.3%	        : Approx Total Time 1880.257 ms Sim (1700MHz)
********************************************************************************************************
Proc : Delay : Avg.Time :  BPType           :  Total  :        RAS        :       BPred       :        BTB        :  iBTB    :  BTAC   : WasteRatio  : MPKI 
   0 :     3 :      NaN :  2bit             : 100.00% :   0.00% of  0.00% : 100.00% of 100.00% : 100.00% of 100.00% :   0.00% :   0.00% :    NaN%          0.00
   0 :     4 :      NaN :  2level           : 100.00% :   0.00% of  0.00% : 100.00% of 100.00% :   0.00% of  0.00% : 100.00% : (  0.00% fixed) :          0.00
-----------------------------------------------------------------------------------------------------------------------------------------
Proc :  nCommit   :   nInst   :  AALU   :  BALU   :  CALU   :  LALU   :  SALU   :  LD Fwd :    Replay    : Worst Unit  (clk)
   0 :  92993314  :  92993395 :  55.00% :   5.00% :   5.00% :  25.00% :  10.00% : 80.00%  :      N/A     :   0.00 
-----------------------------------------------------------------------------------------------------------------------------------------
Proc  IPC     uIPC    Active        Cycles    Busy   LDQ   STQ  IWin   ROB  Regs    IO  maxBr  MisBr Br4Clk brDelay 
   0   1.25   1.25   1.00         74308232    31.3   0.0   0.0   0.0   0.0  49.9   0.0   0.0   0.0    0.0    3.1 
********************************************************************************************************
Cache           Occ  AvgMemLat MemAccesses    MissRate      (  RD ,    WR,    BUS) 
IL1(0)          0.0  2.0       41847046     0.0%    0.0%    (100.0%,  0.0%,  0.0%)   59.8    0.0 GB/s 
--------------------------------------------------------------------------------------------------
DL1(0)          0.0  13.5      32547687     3.6%   14.3%    ( 94.1%,100.0%,  0.0%)   46.5    0.0 GB/s 
--------------------------------------------------------------------------------------------------
L2(0)           0.0  81.4      1162485    100.0%  100.0%    (  0.0%,  0.0%,  0.0%)    1.7    0.0 GB/s 
Memory(0)       0.0  60.0      1162486      0.0%    0.0%    (100.0%,100.0%,  0.0%)    1.7    0.0 GB/s 
********************************************************************************************************

params:
{'tradCORE_fetchWidth': '4', 'tradCORE_issueWidth': '4', 'tradCORE_retireWidth': '5', 'tradCORE_maxIRequests': '8', 'tradCORE_nTotalRegs': '80', 'tradCORE_robSize': '120'}