
********************************************************************************************************
# File  : esesc_boom2_issueWidthWider.6R25nK : Thu Dec  1 09:29:50 2022
********************************************************************************************************
Sampler 0 (Procs  0)
         Rabbit	Warmup	Detail	Timing 	Total  KIPS 
  KIPS   19794	  N/A	591305	  687	21494
  Time    24.5%	  0.0%	  2.7%	 72.7%		: Sim Time (s) 322.079 Exe  76.255 ms Sim (1700MHz)
  Inst   22.6%	  0.0%	 75.1%	  2.3%	        : Approx Total Time 3280.055 ms Sim (1700MHz)
********************************************************************************************************
Proc : Delay : Avg.Time :  BPType           :  Total  :        RAS        :       BPred       :        BTB        :  iBTB    :  BTAC   : WasteRatio  : MPKI 
   0 :     3 :      NaN :  2bit             : 100.00% :   0.00% of  0.00% : 100.00% of 100.00% : 100.00% of 100.00% :   0.00% :   0.00% :    NaN%          0.00
   0 :     4 :      NaN :  2level           : 100.00% :   0.00% of  0.00% : 100.00% of 100.00% :   0.00% of  0.00% : 100.00% : (  0.00% fixed) :          0.00
-----------------------------------------------------------------------------------------------------------------------------------------
Proc :  nCommit   :   nInst   :  AALU   :  BALU   :  CALU   :  LALU   :  SALU   :  LD Fwd :    Replay    : Worst Unit  (clk)
   0 :  92993312  :  92993346 :  55.00% :   5.00% :   5.00% :  25.00% :  10.00% : 70.00%  :      N/A     :   0.00 
-----------------------------------------------------------------------------------------------------------------------------------------
Proc  IPC     uIPC    Active        Cycles    Busy   LDQ   STQ  IWin   ROB  Regs    IO  maxBr  MisBr Br4Clk brDelay 
   0   0.72   0.72   1.00         129633252   17.9   0.0   0.0   0.0   0.0  75.8   0.0   0.0   0.0    0.0    1.8 
********************************************************************************************************
Cache           Occ  AvgMemLat MemAccesses    MissRate      (  RD ,    WR,    BUS) 
IL1(0)          0.0  2.0       41847025     0.0%    0.0%    (100.0%,  0.0%,  0.0%)   34.3    0.0 GB/s 
--------------------------------------------------------------------------------------------------
DL1(0)          0.0  13.6      32547675     3.6%   10.7%    ( 94.4%,100.0%,  0.0%)   26.7    0.0 GB/s 
--------------------------------------------------------------------------------------------------
L2(0)           0.0  81.0      1162485    100.0%  100.0%    (  0.0%,  0.0%,  0.0%)    1.0    0.0 GB/s 
Memory(0)       0.0  60.0      1162485      0.0%    0.0%    (100.0%,100.0%,  0.0%)    1.0    0.0 GB/s 
********************************************************************************************************

params:
{'tradCORE_fetchWidth': '4', 'tradCORE_issueWidth': '4', 'tradCORE_retireWidth': '5', 'tradCORE_maxIRequests': '8'}