
********************************************************************************************************
# File  : esesc_boom2_moreMemory.TjErxB : Thu Dec  1 09:05:16 2022
********************************************************************************************************
Sampler 0 (Procs  0)
         Rabbit	Warmup	Detail	Timing 	Total  KIPS 
  KIPS   27928	  N/A	735109	  878	28089
  Time    22.7%	  0.0%	  2.9%	 74.4%		: Sim Time (s) 261.579 Exe  48.212 ms Sim (1700MHz)
  Inst   22.6%	  0.0%	 75.1%	  2.3%	        : Approx Total Time 2073.738 ms Sim (1700MHz)
********************************************************************************************************
Proc : Delay : Avg.Time :  BPType           :  Total  :        RAS        :       BPred       :        BTB        :  iBTB    :  BTAC   : WasteRatio  : MPKI 
   0 :     3 :      NaN :  2bit             : 100.00% :   0.00% of  0.00% : 100.00% of 100.00% : 100.00% of 100.00% :   0.00% :   0.00% :    NaN%          0.00
   0 :     4 :      NaN :  2level           : 100.00% :   0.00% of  0.00% : 100.00% of 100.00% :   0.00% of  0.00% : 100.00% : (  0.00% fixed) :          0.00
-----------------------------------------------------------------------------------------------------------------------------------------
Proc :  nCommit   :   nInst   :  AALU   :  BALU   :  CALU   :  LALU   :  SALU   :  LD Fwd :    Replay    : Worst Unit  (clk)
   0 :  92993311  :  92993403 :  55.00% :   5.00% :   5.00% :  25.00% :  10.00% : 80.00%  :      N/A     :   0.00 
-----------------------------------------------------------------------------------------------------------------------------------------
Proc  IPC     uIPC    Active        Cycles    Busy   LDQ   STQ  IWin   ROB  Regs    IO  maxBr  MisBr Br4Clk brDelay 
   0   1.13   1.13   1.00         81959590    56.7   0.0   0.0   0.0   0.0  30.9   0.0   0.0   0.0    0.0    5.7 
********************************************************************************************************
Cache           Occ  AvgMemLat MemAccesses    MissRate      (  RD ,    WR,    BUS) 
IL1(0)          0.0  2.0       55796067     0.0%    0.0%    (100.0%,  0.0%,  0.0%)   72.3    0.0 GB/s 
--------------------------------------------------------------------------------------------------
DL1(0)          0.0  13.3      32547693     3.6%   14.3%    ( 94.1%,100.0%,  0.0%)   42.2    0.0 GB/s 
--------------------------------------------------------------------------------------------------
L2(0)           0.0  81.0      1162485    100.0%  100.0%    (  0.0%,  0.0%,  0.0%)    1.5    0.0 GB/s 
Memory(0)       0.0  60.0      1162485      0.0%    0.0%    (100.0%,100.0%,  0.0%)    1.5    0.0 GB/s 
********************************************************************************************************

params:
{'tradCORE_nTotalRegs': '80', 'tradCORE_robSize': '160', 'tradCORE_maxMemory': '200', 'tradCORE_maxLoads': '40', 'tradCORE_maxStores': '24'}