
********************************************************************************************************
# File  : esesc_boom2_issueWidthWider80Regs.uPoDRv : Thu Dec  1 09:39:54 2022
********************************************************************************************************
Sampler 0 (Procs  0)
         Rabbit	Warmup	Detail	Timing 	Total  KIPS 
  KIPS   36209	  N/A	812928	  813	27961
  Time    17.4%	  0.0%	  2.6%	 80.0%		: Sim Time (s) 289.349 Exe  67.694 ms Sim (1700MHz)
  Inst   22.6%	  0.0%	 75.1%	  2.3%	        : Approx Total Time 2911.634 ms Sim (1700MHz)
********************************************************************************************************
Proc : Delay : Avg.Time :  BPType           :  Total  :        RAS        :       BPred       :        BTB        :  iBTB    :  BTAC   : WasteRatio  : MPKI 
   0 :     3 :      NaN :  2bit             : 100.00% :   0.00% of  0.00% : 100.00% of 100.00% : 100.00% of 100.00% :   0.00% :   0.00% :    NaN%          0.00
   0 :     4 :      NaN :  2level           : 100.00% :   0.00% of  0.00% : 100.00% of 100.00% :   0.00% of  0.00% : 100.00% : (  0.00% fixed) :          0.00
-----------------------------------------------------------------------------------------------------------------------------------------
Proc :  nCommit   :   nInst   :  AALU   :  BALU   :  CALU   :  LALU   :  SALU   :  LD Fwd :    Replay    : Worst Unit  (clk)
   0 :  92993313  :  92993360 :  55.00% :   5.00% :   5.00% :  25.00% :  10.00% : 80.00%  :      N/A     :   0.00 
-----------------------------------------------------------------------------------------------------------------------------------------
Proc  IPC     uIPC    Active        Cycles    Busy   LDQ   STQ  IWin   ROB  Regs    IO  maxBr  MisBr Br4Clk brDelay 
   0   0.81   0.81   1.00         115080205   20.2   0.0   0.0   0.0  66.2   0.0   0.0   0.0   0.0    0.0    2.0 
********************************************************************************************************
Cache           Occ  AvgMemLat MemAccesses    MissRate      (  RD ,    WR,    BUS) 
IL1(0)          0.0  2.0       41847002     0.0%    0.0%    (100.0%,  0.0%,  0.0%)   38.6    0.0 GB/s 
--------------------------------------------------------------------------------------------------
DL1(0)          0.0  16.8      32547649     3.6%   14.3%    ( 94.1%,100.0%,  0.0%)   30.1    0.0 GB/s 
--------------------------------------------------------------------------------------------------
L2(0)           0.0  84.0      1162484    100.0%  100.0%    (  0.0%,  0.0%,  0.0%)    1.1    0.0 GB/s 
Memory(0)       0.0  60.0      1162484      0.0%    0.0%    (100.0%,100.0%,  0.0%)    1.1    0.0 GB/s 
********************************************************************************************************

params:
{'tradCORE_fetchWidth': '4', 'tradCORE_issueWidth': '4', 'tradCORE_retireWidth': '5', 'tradCORE_maxIRequests': '8', 'tradCORE_nTotalRegs': '80'}