
********************************************************************************************************
# File  : esesc_None_baseline.4tDdbs : Wed Nov 30 20:27:02 2022
********************************************************************************************************
Sampler 0 (Procs  0)
         Rabbit	Warmup	Detail	Timing 	Total  KIPS 
  KIPS   27662	  N/A	1076733	  863	27926
  Time    22.8%	  0.0%	  1.9%	 75.2%		: Sim Time (s) 269.129 Exe  55.044 ms Sim (1700MHz)
  Inst   22.6%	  0.0%	 75.1%	  2.3%	        : Approx Total Time 2367.342 ms Sim (1700MHz)
********************************************************************************************************
Proc : Delay : Avg.Time :  BPType           :  Total  :        RAS        :       BPred       :        BTB        :  iBTB    :  BTAC   : WasteRatio  : MPKI 
   0 :     1 :      NaN :  2bit             : 100.00% :   0.00% of  0.00% : 100.00% of 100.00% :   0.00% of  0.00% : 100.00% :   0.00% :    NaN%          0.00
   0 :     3 :      NaN :  imli             : 100.00% :   0.00% of  0.00% : 100.00% of 100.00% :   0.00% of  0.00% : 100.00% : (  0.00% fixed) :          0.00
-----------------------------------------------------------------------------------------------------------------------------------------
Proc :  nCommit   :   nInst   :  AALU   :  BALU   :  CALU   :  LALU   :  SALU   :  LD Fwd :    Replay    : Worst Unit  (clk)
   0 :  92993313  :  92993440 :  55.00% :   5.00% :   5.00% :  25.00% :  10.00% : 80.00%  :      N/A     :   0.00 
-----------------------------------------------------------------------------------------------------------------------------------------
Proc  IPC     uIPC    Active        Cycles    Busy   LDQ   STQ  IWin   ROB  Regs    IO  maxBr  MisBr Br4Clk brDelay 
   0   0.99   0.99   1.00         93574648    24.8   0.0   0.0   0.0   0.0  67.9   0.0   0.0   0.0    0.0    0.0 
********************************************************************************************************
Cache           Occ  AvgMemLat MemAccesses    MissRate      (  RD ,    WR,    BUS) 
IL1(0)          0.0  3.0       32547722     0.0%    0.0%    (100.0%,  0.0%,  0.0%)   37.0    0.0 GB/s 
--------------------------------------------------------------------------------------------------
DL1(0)          0.0  20.5      32547678     1.8%   14.3%    ( 97.0%,100.0%,  0.0%)   37.0    0.0 GB/s 
--------------------------------------------------------------------------------------------------
L2(0)           0.0  140.0     581208     100.0%  100.0%    (  0.0%,  0.0%,  0.0%)    0.7    0.0 GB/s 
Memory(0)       0.0  100.0     581208       0.0%    0.0%    (100.0%,100.0%,  0.0%)    0.7    0.0 GB/s 
********************************************************************************************************


********************************************************************************************************
# File  : esesc_boom3_baseline.DOAvSl : Thu Dec  1 08:11:53 2022
********************************************************************************************************
Sampler 0 (Procs  0)
         Rabbit	Warmup	Detail	Timing 	Total  KIPS 
  KIPS   30444	  N/A	651041	  800	26581
  Time    19.7%	  0.0%	  3.1%	 77.2%		: Sim Time (s) 269.179 Exe  55.044 ms Sim (1700MHz)
  Inst   22.6%	  0.0%	 75.1%	  2.3%	        : Approx Total Time 2367.632 ms Sim (1700MHz)
********************************************************************************************************
Proc : Delay : Avg.Time :  BPType           :  Total  :        RAS        :       BPred       :        BTB        :  iBTB    :  BTAC   : WasteRatio  : MPKI 
   0 :     1 :      NaN :  2bit             : 100.00% :   0.00% of  0.00% : 100.00% of 100.00% :   0.00% of  0.00% : 100.00% :   0.00% :    NaN%          0.00
   0 :     3 :      NaN :  imli             : 100.00% :   0.00% of  0.00% : 100.00% of 100.00% :   0.00% of  0.00% : 100.00% : (  0.00% fixed) :          0.00
-----------------------------------------------------------------------------------------------------------------------------------------
Proc :  nCommit   :   nInst   :  AALU   :  BALU   :  CALU   :  LALU   :  SALU   :  LD Fwd :    Replay    : Worst Unit  (clk)
   0 :  92993310  :  92993419 :  55.00% :   5.00% :   5.00% :  25.00% :  10.00% : 80.00%  :      N/A     :   0.00 
-----------------------------------------------------------------------------------------------------------------------------------------
Proc  IPC     uIPC    Active        Cycles    Busy   LDQ   STQ  IWin   ROB  Regs    IO  maxBr  MisBr Br4Clk brDelay 
   0   0.99   0.99   1.00         93574686    24.8   0.0   0.0   0.0   0.0  67.9   0.0   0.0   0.0    0.0    0.0 
********************************************************************************************************
Cache           Occ  AvgMemLat MemAccesses    MissRate      (  RD ,    WR,    BUS) 
IL1(0)          0.0  3.0       32547684     0.0%    0.0%    (100.0%,  0.0%,  0.0%)   37.0    0.0 GB/s 
--------------------------------------------------------------------------------------------------
DL1(0)          0.0  20.5      32547696     1.8%   14.3%    ( 97.0%,100.0%,  0.0%)   37.0    0.0 GB/s 
--------------------------------------------------------------------------------------------------
L2(0)           0.0  140.0     581208     100.0%  100.0%    (  0.0%,  0.0%,  0.0%)    0.7    0.0 GB/s 
Memory(0)       0.0  100.0     581208       0.0%    0.0%    (100.0%,100.0%,  0.0%)    0.7    0.0 GB/s 
********************************************************************************************************

params:
None