
********************************************************************************************************
# File  : esesc_stream_baseline_FINAL-11_04_22 : Fri Nov  4 13:11:11 2022
********************************************************************************************************
Sampler 0 (Procs  0)
         Rabbit	Warmup	Detail	Timing 	Total  KIPS 
  KIPS   11092	  N/A	434270	  452	13588
  Time    27.7%	  0.0%	  2.3%	 70.0%		: Sim Time (s) 668.819 Exe  202.803 ms Sim (1700MHz)
  Inst   22.6%	  0.0%	 75.1%	  2.3%	        : Approx Total Time 8727.640 ms Sim (1700MHz)
********************************************************************************************************
Proc : Delay : Avg.Time :  BPType           :  Total  :        RAS        :       BPred       :        BTB        :  iBTB    :  BTAC   : WasteRatio  : MPKI 
   0 :     3 :  174.800 :  2bit             : 100.00% : 100.00% of  0.00% : 100.00% of 100.00% : 100.00% of 100.00% :   0.00% :   0.00% :   0.00%          0.00
   0 :     4 :  174.800 :  2level           : 100.00% :   0.00% of  0.00% : 100.00% of 100.00% :   0.00% of  0.00% : 100.00% : (  0.00% fixed) :          0.00
-----------------------------------------------------------------------------------------------------------------------------------------
Proc :  nCommit   :   nInst   :  AALU   :  BALU   :  CALU   :  LALU   :  SALU   :  LD Fwd :    Replay    : Worst Unit  (clk)
   0 :  92993310  :  92993360 :  33.51% :  14.13% :  13.19% :  22.21% :  16.97% :  0.00%  :      N/A     :   0.00 
-----------------------------------------------------------------------------------------------------------------------------------------
Proc  IPC     uIPC    Active        Cycles    Busy   LDQ   STQ  IWin   ROB  Regs    IO  maxBr  MisBr Br4Clk brDelay 
   0   0.27   0.27   1.00         344765844   13.5   0.0  11.5  29.8   0.0  41.4   0.0   0.0   0.0    0.0    3.8 
********************************************************************************************************
Cache           Occ  AvgMemLat MemAccesses    MissRate      (  RD ,    WR,    BUS) 
IL1(0)          0.0  2.0       65830578     0.0%    0.0%    (100.0%,  0.0%,  0.0%)   20.3    0.0 GB/s 
--------------------------------------------------------------------------------------------------
DL1(0)          0.0  161.3     36428639    25.0%   96.7%    ( 19.1%,  0.0%,  0.0%)   11.2    0.0 GB/s 
--------------------------------------------------------------------------------------------------
L2(0)           0.0  171.9     9107442    100.0%  100.0%    (  0.0%,  0.0%,  0.0%)    2.8    0.0 GB/s 
Memory(0)       0.0  60.0      9107442      0.0%    0.0%    (100.0%,100.0%,  0.0%)    2.8    0.0 GB/s 
********************************************************************************************************

