
********************************************************************************************************
# File  : esesc_stream_tradCORE_robSize_160.wUw4Tx : Tue Nov 29 16:11:31 2022
********************************************************************************************************
Sampler 0 (Procs  0)
         Rabbit	Warmup	Detail	Timing 	Total  KIPS 
  KIPS   43734	  N/A	712180	  927	31954
  Time    16.5%	  0.0%	  3.4%	 80.1%		: Sim Time (s) 240.069 Exe  84.107 ms Sim (1700MHz)
  Inst   22.6%	  0.0%	 75.1%	  2.3%	        : Approx Total Time 3617.593 ms Sim (1700MHz)
********************************************************************************************************
Proc : Delay : Avg.Time :  BPType           :  Total  :        RAS        :       BPred       :        BTB        :  iBTB    :  BTAC   : WasteRatio  : MPKI 
   0 :     3 :      NaN :  2bit             : 100.00% :   0.00% of  0.00% : 100.00% of 100.00% : 100.00% of 100.00% :   0.00% :   0.00% :    NaN%          0.00
   0 :     4 :      NaN :  2level           : 100.00% :   0.00% of  0.00% : 100.00% of 100.00% :   0.00% of  0.00% : 100.00% : (  0.00% fixed) :          0.00
-----------------------------------------------------------------------------------------------------------------------------------------
Proc :  nCommit   :   nInst   :  AALU   :  BALU   :  CALU   :  LALU   :  SALU   :  LD Fwd :    Replay    : Worst Unit  (clk)
   0 :  92993311  :  92993345 :  55.00% :   5.00% :   5.00% :  25.00% :  10.00% : 80.00%  :      N/A     :   0.00 
-----------------------------------------------------------------------------------------------------------------------------------------
Proc  IPC     uIPC    Active        Cycles    Busy   LDQ   STQ  IWin   ROB  Regs    IO  maxBr  MisBr Br4Clk brDelay 
   0   0.65   0.65   1.00         142982049   32.5   0.0   0.0   0.0   0.0  59.3   0.0   0.0   0.0    0.0    3.3 
********************************************************************************************************
Cache           Occ  AvgMemLat MemAccesses    MissRate      (  RD ,    WR,    BUS) 
IL1(0)          0.0  2.0       55796031     0.0%    0.0%    (100.0%,  0.0%,  0.0%)   41.5    0.0 GB/s 
--------------------------------------------------------------------------------------------------
DL1(0)          0.0  13.6      32547676     3.6%   10.7%    ( 94.4%,100.0%,  0.0%)   24.2    0.0 GB/s 
--------------------------------------------------------------------------------------------------
L2(0)           0.0  82.0      1162487    100.0%  100.0%    (  0.0%,  0.0%,  0.0%)    0.9    0.0 GB/s 
Memory(0)       0.0  60.0      1162487      0.0%    0.0%    (100.0%,100.0%,  0.0%)    0.9    0.0 GB/s 
********************************************************************************************************

